<?xml version="1.0" encoding="UTF-8"?>
<testng-results ignored="0" total="1" passed="1" failed="0" skipped="0">
  <reporter-output>
  </reporter-output>
  <suite started-at="2023-10-11T17:30:36 IST" name="Default suite" finished-at="2023-10-11T17:30:41 IST" duration-ms="4779">
    <groups>
    </groups>
    <test started-at="2023-10-11T17:30:36 IST" name="Default test" finished-at="2023-10-11T17:30:41 IST" duration-ms="4779">
      <class name="BrowserStack">
        <test-method signature="TestCase()[pri:0, instance:BrowserStack@647fd8ce]" started-at="2023-10-11T17:30:36 IST" name="TestCase" finished-at="2023-10-11T17:30:41 IST" duration-ms="4766" status="PASS">
          <reporter-output>
          </reporter-output>
        </test-method> <!-- TestCase -->
      </class> <!-- BrowserStack -->
    </test> <!-- Default test -->
  </suite> <!-- Default suite -->
</testng-results>
